<?xml version="1.0" encoding="ISO-8859-1"?>
<!--

    Copyright (C) 2009 eXo Platform SAS.

    This is free software; you can redistribute it and/or modify it
    under the terms of the GNU Lesser General Public License as
    published by the Free Software Foundation; either version 2.1 of
    the License, or (at your option) any later version.

    This software is distributed in the hope that it will be useful,
    but WITHOUT ANY WARRANTY; without even the implied warranty of
    MERCHANTABILITY or FITNESS FOR A PARTICULAR PURPOSE. See the GNU
    Lesser General Public License for more details.

    You should have received a copy of the GNU Lesser General Public
    License along with this software; if not, write to the Free
    Software Foundation, Inc., 51 Franklin St, Fifth Floor, Boston, MA
    02110-1301 USA, or see the FSF site: http://www.fsf.org.

-->
<configuration
   xmlns:xsi="http://www.w3.org/2001/XMLSchema-instance"
   xsi:schemaLocation="http://www.exoplaform.org/xml/ns/kernel_1_0.xsd http://www.exoplaform.org/xml/ns/kernel_1_0.xsd"
   xmlns="http://www.exoplaform.org/xml/ns/kernel_1_0.xsd">
  
  <component>
    <key>org.exoplatform.wiki.mow.core.api.MOWService</key>
    <type>org.exoplatform.wiki.mow.core.api.MOWService</type>
  </component>
  
  <component>
    <key>org.exoplatform.wiki.rendering.MarkupRenderingService</key>
    <type>org.exoplatform.wiki.rendering.MarkupRenderingService</type>
  </component>
  
  <component>
    <key>org.exoplatform.wiki.rendering.xwiki.XWikiRenderer</key>
    <type>org.exoplatform.wiki.rendering.xwiki.XWikiRenderer</type>
  </component>
  
  <component>
    <key>org.exoplatform.commons.chromattic.ChromatticManager</key>
    <type>org.exoplatform.commons.chromattic.ChromatticManager</type>
  </component>
   
  <component>
    <key>org.exoplatform.services.log.LogConfigurationInitializer</key>
    <type>org.exoplatform.services.log.LogConfigurationInitializer</type>
    <init-params>
      <value-param>
        <name>logger</name>
        <value>org.exoplatform.services.log.impl.BufferedLog4JLogger</value>
      </value-param>
      <value-param>
        <name>configurator</name>
        <value>org.exoplatform.services.log.impl.Log4JConfigurator</value>
      </value-param>
      <properties-param>
        <name>properties</name>
        <description>Log4J properties</description>
        <property name="log4j.rootLogger" value="INFO, stdout, file"/>

        <property name="log4j.appender.stdout" value="org.apache.log4j.ConsoleAppender"/>
        <property name="log4j.appender.stdout.threshold" value="DEBUG"/>

        <property name="log4j.appender.stdout.layout" value="org.apache.log4j.PatternLayout"/>
        <property name="log4j.appender.stdout.layout.ConversionPattern"
          value="%d{dd.MM.yyyy HH:mm:ss} *%-5p* [%t] %c{1}: %m (%F, line %L) %n"/>

        <property name="log4j.appender.file" value="org.apache.log4j.FileAppender"/>
        <property name="log4j.appender.file.File" value="target/jcr.log"/>

        <property name="log4j.appender.file.layout" value="org.apache.log4j.PatternLayout"/>
        <property name="log4j.appender.file.layout.ConversionPattern"
          value="%d{dd.MM.yyyy HH:mm:ss} *%-5p* [%t] %c{1}: %m (%F, line %L) %n"/>

        <property name="log4j.category.jcr.FileCleaner" value="DEBUG"/>
        <!--property name="log4j.category.org.chromattic.core.api.ChromatticSessionImpl" value="TRACE"/>
        <property name="log4j.category.jcr.NodeImpl" value="DEBUG"/>
        <property name="log4j.category.jcr.SessionDataManager" value="DEBUG"/-->
        

        <!-- property name="log4j.category.jcr.JDBCStorageConnection" value="DEBUG"/>
        <property name="log4j.category.jcr.NodeImpl" value="DEBUG"/ -->

        <!-- property name="log4j.category.jcr.WorkspaceStorageCacheImpl" value="DEBUG"/ -->
        <!-- property name="log4j.category.database.DBSchemaCreator" value="DEBUG"/ -->
        <!-- property name="log4j.category.jcr.WorkspaceDataReplicator" value="DEBUG"/ -->

        <!-- property name="log4j.category.jcr.WorkspaceStorageCacheImpl" value="DEBUG"/ -->
        <!-- property name="log4j.category.jcr.WorkspacePersistentDataManager" value="DEBUG"/ -->
        <!-- property name="log4j.category.jcr.SessionDataManager" value="DEBUG"/ -->
      </properties-param>

      <!-- value-param>
      <name>logger</name>
      <value>org.exoplatform.services.log.impl.BufferedSimpleLog</value>
      </value-param>
      <value-param>
      <name>configurator</name>
      <value>org.exoplatform.services.log.impl.SimpleLogConfigurator</value>
      </value-param>
      <properties-param>
      <name>properties</name>
      <description>SimpleLog properties</description>
      <property name="org.apache.commons.logging.simplelog.defaultlog" value="debug"/>
      <property name="org.apache.commons.logging.simplelog.showdatetime" value="true"/>
      </properties-param -->

      <!-- value-param>
      <name>logger</name>
      <value>org.exoplatform.services.log.impl.BufferedJdk14Logger</value>
      </value-param>
      <value-param>
      <name>configurator</name>
      <value>org.exoplatform.services.log.impl.Jdk14Configurator</value>
      </value-param>
      <properties-param>
      <name>properties</name>
      <description>jdk1.4 Logger properties</description>
      <property name="handlers" value="java.util.logging.ConsoleHandler"/>
      <property name=".level" value="FINE"/>
      <property name="java.util.logging.ConsoleHandler.level" value="FINE"/>
      </properties-param -->

    </init-params>
  </component>

  <component>
    <key>org.exoplatform.services.organization.OrganizationService</key>
    <type>org.exoplatform.services.organization.hibernate.OrganizationServiceImpl</type>
  </component>

  <component>
    <key>org.exoplatform.services.security.Authenticator</key>
    <type>org.exoplatform.services.organization.auth.OrganizationAuthenticatorImpl</type>
  </component>

  <component>
    <key>org.exoplatform.services.database.HibernateService</key>
    <type>org.exoplatform.services.database.impl.HibernateServiceImpl</type>
    <init-params>
      <properties-param>
        <name>hibernate.properties</name>
        <description>Default Hibernate Service</description>
        <property name="hibernate.show_sql" value="false" />
        <property name="hibernate.cglib.use_reflection_optimizer" value="true" />
        <property name="hibernate.connection.url" value="jdbc:hsqldb:mem:target/temp/data/portal" />
        <property name="hibernate.connection.driver_class" value="org.hsqldb.jdbcDriver" />
        <property name="hibernate.connection.autocommit" value="true" />
        <property name="hibernate.connection.username" value="sa" />
        <property name="hibernate.connection.password" value="" />
        <property name="hibernate.dialect" value="org.hibernate.dialect.HSQLDialect" />
        <property name="hibernate.c3p0.min_size" value="5" />
        <property name="hibernate.c3p0.max_size" value="20" />
        <property name="hibernate.c3p0.timeout" value="1800" />
        <property name="hibernate.c3p0.max_statements" value="50" />
      </properties-param>
    </init-params>
  </component>

  <external-component-plugins>
    <target-component>org.exoplatform.services.database.HibernateService</target-component>
    <component-plugin>
      <name>add.hibernate.mapping</name>
      <set-method>addPlugin</set-method>
      <type>org.exoplatform.services.database.impl.AddHibernateMappingPlugin</type>
      <init-params>
        <values-param>
          <name>hibernate.mapping</name>
          <value>org/exoplatform/services/organization/impl/UserImpl.hbm.xml</value>
          <value>org/exoplatform/services/organization/impl/MembershipImpl.hbm.xml</value>
          <value>org/exoplatform/services/organization/impl/GroupImpl.hbm.xml</value>
          <value>org/exoplatform/services/organization/impl/MembershipTypeImpl.hbm.xml</value>
          <value>org/exoplatform/services/organization/impl/UserProfileData.hbm.xml</value>
        </values-param>
      </init-params>
    </component-plugin>
  </external-component-plugins>
  
  <external-component-plugins>
    <target-component>org.exoplatform.commons.chromattic.ChromatticManager</target-component>
    <component-plugin>
      <name>chromattic</name>
      <set-method>addLifeCycle</set-method>
      <type>org.exoplatform.commons.chromattic.ChromatticLifeCycle</type>
      <init-params>
        <value-param>
          <name>domain-name</name>
          <value>wiki</value>
        </value-param>
        <value-param>
          <name>workspace-name</name>
          <value>ws</value>
        </value-param>
        <values-param>
          <name>entities</name>
          <value>org.exoplatform.wiki.mow.core.api.WikiStoreImpl</value>
          <value>org.exoplatform.wiki.mow.core.api.wiki.PortalWiki</value>
          <value>org.exoplatform.wiki.mow.core.api.wiki.PortalWikiContainer</value>
          <value>org.exoplatform.wiki.mow.core.api.wiki.GroupWiki</value>
          <value>org.exoplatform.wiki.mow.core.api.wiki.GroupWikiContainer</value>
          <value>org.exoplatform.wiki.mow.core.api.wiki.UserWiki</value>
          <value>org.exoplatform.wiki.mow.core.api.wiki.UserWikiContainer</value>
          <value>org.exoplatform.wiki.mow.core.api.content.ContentImpl</value>
          <value>org.exoplatform.wiki.mow.core.api.content.ParagraphImpl</value>
          <value>org.exoplatform.wiki.mow.core.api.content.MarkupImpl</value>
          <value>org.exoplatform.wiki.mow.core.api.content.WikiLink</value>
          <value>org.exoplatform.wiki.mow.core.api.content.AnnotationImpl</value>
        </values-param>
        <!--<properties-param>
          <name>options</name>
          <property name="org.chromattic.api.Option.root_node.path" value="/production"/>
          <property name="org.chromattic.api.Option.root_node.create" value="true"/>
        </properties-param>
      --></init-params>
    </component-plugin>
  </external-component-plugins>

  <remove-configuration>org.exoplatform.services.cache.ExoCacheFactory</remove-configuration>
  <remove-configuration>org.exoplatform.services.scheduler.JobSchedulerService</remove-configuration>
</configuration>